2021-03-26 17:38:46:3846 info: POST /api/v1/users/register 200 774.379 ms - 866
2021-03-26 17:48:22:4822 info: POST /api/v1/users/login 200 465.552 ms - 656
2021-03-26 17:48:42:4842 info: POST /api/v1/users/login 400 413.913 ms - 52
2021-03-26 17:48:57:4857 info: POST /api/v1/users/login 200 418.689 ms - 656
2021-03-26 17:50:13:5013 info: POST /api/v1/users/login 200 951.865 ms - 656
2021-03-26 17:50:19:5019 info: POST /api/v1/users/login 400 316.011 ms - 52
2021-03-26 17:50:26:5026 info: POST /api/v1/users/login 200 415.616 ms - 656
2021-03-26 17:53:42:5342 info: GET /api/v1/users/get-profile 400 14.935 ms - 525
2021-03-26 17:53:52:5352 info: GET /api/v1/users/get-profile 401 0.610 ms - 27
2021-03-26 17:53:57:5357 info: GET /api/v1/users/get-profile 400 1.550 ms - 525
2021-03-26 17:54:50:5450 info: POST /api/v1/users/login 200 3336.757 ms - 656
2021-03-26 17:55:29:5529 info: GET /api/v1/users/get-profile 200 331.989 ms - 321
2021-03-26 19:45:47:4547 info: POST /api/v1/users/register 200 790.615 ms - 1719
2021-03-26 19:45:57:4557 info: POST /api/v1/users/register 200 728.601 ms - 1719
2021-03-26 19:46:03:463 info: POST /api/v1/users/register 200 1053.766 ms - 1725
2021-03-26 19:46:08:468 info: POST /api/v1/users/register 200 318.048 ms - 45
2021-03-26 19:46:19:4619 info: POST /api/v1/users/register 200 1098.958 ms - 1743
2021-03-26 19:46:46:4646 info: POST /api/v1/users/register 200 1064.096 ms - 1707
2021-03-26 19:47:36:4736 info: POST /api/v1/users/register 200 336.484 ms - 45
2021-03-26 19:47:44:4744 info: POST /api/v1/users/register 200 1089.478 ms - 1709
2021-03-26 19:48:24:4824 info: POST /api/v1/users/register 200 1109.066 ms - 1715
2021-03-26 19:49:31:4931 info: POST /api/v1/users/register 200 316.474 ms - 45
2021-03-26 19:50:31:5031 info: POST /api/v1/users/register 200 313.980 ms - 45
2021-03-26 19:50:52:5052 info: POST /api/v1/users/register 200 1715.825 ms - 1715
2021-03-26 19:51:43:5143 info: POST /api/v1/users/register 200 347.030 ms - 45
2021-03-26 19:52:09:529 info: POST /api/v1/users/register 200 2625.821 ms - 1715
2021-03-26 19:55:26:5526 info: POST /api/v1/users/register 200 340.293 ms - 45
2021-03-26 19:55:29:5529 info: POST /api/v1/users/register 200 781.692 ms - 1715
2021-03-26 19:55:50:5550 info: POST /api/v1/users/register 200 1082.814 ms - 1715
2021-03-26 19:56:09:569 info: POST /api/v1/users/register 200 1664.395 ms - 45
2021-03-26 19:56:13:5613 info: POST /api/v1/users/register 200 783.400 ms - 1715
2021-03-26 19:58:09:589 info: POST /api/v1/users/register 200 1146.680 ms - 1054
2021-03-26 19:59:52:5952 info: POST /api/v1/users/register 200 322.370 ms - 45
2021-03-26 19:59:56:5956 info: POST /api/v1/users/register 200 1091.856 ms - 1056
2021-03-29 02:53:21:5321 info: POST /api/v1/register 404 1.176 ms - 155
2021-03-29 02:53:46:5346 info: POST /api/v1/users/register 200 10018.128 ms - 486
2021-03-29 02:55:15:5515 info: POST /api/v1/users/register 200 467.673 ms - 2156
2021-03-29 02:55:41:5541 info: POST /api/v1/users/register 200 1739.008 ms - 773
2021-03-29 02:56:33:5633 info: POST /api/v1/users/login 200 403.133 ms - 603
2021-03-30 01:18:21:1821 info: POST /api/v1/users/register 200 467.765 ms - 619
2021-03-30 01:18:43:1843 info: POST /api/v1/users/register 200 510.058 ms - 619
2021-03-30 01:41:50:4150 info: POST /api/v1/users/login 400 429.284 ms - 52
2021-03-30 01:41:58:4158 info: GET /api/v1/users/login 404 3.683 ms - 157
2021-03-30 01:44:46:4446 info: GET /api/v1/users/register 404 3.090 ms - 160
2021-03-30 01:44:52:4452 info: GET /api/v1/users/register 404 0.536 ms - 160
2021-03-30 01:44:56:4456 info: GET /api/v1/users/register 404 0.693 ms - 160
2021-03-30 01:45:03:453 info: GET /api/v1/users/register 404 0.249 ms - 160
2021-03-30 01:45:04:454 info: GET /api/v1/users/register 404 0.230 ms - 160
2021-03-30 01:45:30:4530 info: GET /api/v1/users/get-users 200 1551.474 ms - 385
2021-03-30 01:46:53:4653 info: GET /api/v1/users/get-users 304 1392.723 ms - -
2021-03-30 01:47:00:470 info: GET /api/v1/users/get-users 304 1467.413 ms - -
2021-03-30 01:47:04:474 info: GET /api/v1/users/get-users 304 1484.104 ms - -
2021-03-30 01:47:07:477 info: GET /api/v1/users/get-users 304 1463.316 ms - -
2021-03-30 01:47:55:4755 info: GET /api/v1/users/get-users 304 1548.901 ms - -
2021-03-30 01:48:09:489 info: GET /api/v1/users/get-users 304 1505.254 ms - -
2021-03-30 01:48:26:4826 info: GET /api/v1/users/get-users 304 1564.420 ms - -
2021-03-30 01:50:06:506 info: GET /api/v1/users/get-users 304 1411.698 ms - -
2021-03-30 01:50:28:5028 info: GET /api/v1/users/get-users 304 1290.178 ms - -
2021-03-30 01:50:56:5056 info: GET /api/v1/users/get-users 304 1337.882 ms - -
2021-03-30 01:51:06:516 info: GET /api/v1/users/get-users 304 1415.035 ms - -
2021-03-30 01:51:09:519 info: GET /api/v1/users/get-users 304 1353.789 ms - -
2021-03-30 01:51:18:5118 info: GET /api/v1/users/get-users 304 1351.937 ms - -
2021-03-30 01:51:20:5120 info: GET /api/v1/users/get-users 304 1545.580 ms - -
2021-03-30 01:51:27:5127 info: GET /api/v1/users/get-users 304 1486.481 ms - -
2021-03-30 01:51:35:5135 info: GET /api/v1/users/get-users 304 1246.938 ms - -
2021-03-30 01:51:39:5139 info: GET /api/v1/users/get-users 304 1276.719 ms - -
2021-03-30 01:51:55:5155 info: GET /api/v1/users/get-users 304 1349.559 ms - -
2021-03-30 01:52:00:520 info: GET /api/v1/users/get-users 304 1496.671 ms - -
2021-03-30 01:52:10:5210 info: GET /api/v1/users/get-users 304 1344.646 ms - -
2021-03-30 01:52:44:5244 info: GET /api/v1/users/get-users 304 1484.259 ms - -
2021-03-30 01:52:59:5259 info: GET /api/v1/users/get-users 304 1596.337 ms - -
2021-03-30 01:53:08:538 info: GET /api/v1/users/get-users 304 1568.308 ms - -
2021-03-30 01:53:36:5336 info: GET /api/v1/users/get-users 304 1633.681 ms - -
2021-03-30 01:53:46:5346 info: GET /api/v1/users/get-users 304 1264.895 ms - -
2021-03-30 01:53:53:5353 info: GET /api/v1/users/get-users 304 1570.476 ms - -
2021-03-30 01:54:05:545 info: GET /api/v1/users/get-users 304 1209.809 ms - -
2021-03-30 01:54:09:549 info: GET /api/v1/users/get-users 304 1387.240 ms - -
2021-03-30 01:54:10:5410 info: GET /api/v1/users/get-users 304 1238.218 ms - -
2021-03-30 01:54:22:5422 info: GET /api/v1/users/get-users 304 1356.007 ms - -
2021-03-30 01:54:29:5429 info: GET /api/v1/users/get-users 304 1560.011 ms - -
2021-03-30 01:54:31:5431 info: GET /api/v1/users/get-users 304 1329.943 ms - -
2021-03-30 01:54:45:5445 info: GET /api/v1/users/get-users 304 1577.408 ms - -
2021-03-30 01:54:53:5453 info: GET /api/v1/users/get-users 304 1507.428 ms - -
2021-03-30 01:56:04:564 info: GET /api/v1/users/get-users 304 1462.788 ms - -
2021-03-30 01:56:08:568 info: GET /api/v1/users/get-users 304 1560.835 ms - -
2021-03-30 01:56:19:5619 info: GET /api/v1/users/get-users 304 1435.204 ms - -
2021-03-30 01:56:27:5627 info: GET /api/v1/users/get-users 304 1429.465 ms - -
2021-03-30 01:56:47:5647 info: GET /api/v1/users/get-users 304 1191.118 ms - -
2021-03-30 01:56:50:5650 info: GET /api/v1/users/get-users 304 1632.751 ms - -
2021-03-30 01:57:07:577 info: GET /api/v1/users/get-users 304 1449.474 ms - -
2021-03-30 01:59:14:5914 info: GET /api/v1/users/get-users 304 1316.688 ms - -
2021-03-30 02:00:07:07 info: GET /api/v1/users/get-users 304 1525.703 ms - -
2021-03-30 02:00:29:029 info: GET /api/v1/users/get-users 304 1396.727 ms - -
2021-03-30 02:00:34:034 info: GET /api/v1/users/get-users 304 1275.390 ms - -
2021-03-30 02:00:46:046 info: GET /api/v1/users/get-users 304 1632.192 ms - -
2021-03-30 02:00:56:056 info: GET /api/v1/users/get-users 304 1521.993 ms - -
2021-03-30 02:01:01:11 info: GET /api/v1/users/get-users 304 1498.462 ms - -
2021-03-30 02:01:17:117 info: GET /api/v1/users/get-users 304 1494.117 ms - -
2021-03-30 02:01:24:124 info: GET /api/v1/users/get-users 304 1185.317 ms - -
2021-04-01 23:26:43:2643 info: POST /api/v1/users/register 200 373.057 ms - 619
2021-04-01 23:26:44:2644 info: GET /api/v1/users/get-users 304 959.302 ms - -
2021-04-01 23:28:14:2814 info: POST /api/v1/users/register 200 330.946 ms - 619
2021-04-01 23:28:15:2815 info: GET /api/v1/users/get-users 304 957.677 ms - -
2021-04-01 23:29:32:2932 info: POST /api/v1/users/register 200 7890.018 ms - 298985
2021-04-01 23:29:33:2933 info: GET /api/v1/users/get-users 200 944.072 ms - 385
2021-04-01 23:31:54:3154 info: GET /api/v1/users/get-users 304 1612.597 ms - -
2021-04-01 23:32:04:324 info: GET /api/v1/users/get-users 304 1792.172 ms - -
2021-04-01 23:32:28:3228 info: GET /api/v1/users/get-users 200 3667.029 ms - 385
2021-04-01 23:32:39:3239 info: GET /api/v1/users/get-users 304 941.527 ms - -
2021-04-01 23:32:53:3253 info: GET /api/v1/users/get-users 304 943.063 ms - -
2021-04-01 23:32:58:3258 info: GET /api/v1/users/get-users 304 929.851 ms - -
2021-04-01 23:33:21:3321 info: GET /api/v1/users/get-users 304 1047.353 ms - -
2021-04-01 23:34:02:342 info: GET /api/v1/users/get-users 304 1129.896 ms - -
2021-04-01 23:34:07:347 info: GET /api/v1/users/get-users 304 1143.698 ms - -
2021-04-01 23:34:21:3421 info: GET /api/v1/users/get-users 304 935.655 ms - -
2021-04-01 23:34:32:3432 info: GET /api/v1/users/get-users 304 949.673 ms - -
2021-04-01 23:34:37:3437 info: GET /api/v1/users/get-users 304 1102.570 ms - -
2021-04-01 23:35:16:3516 info: GET /api/v1/users/get-users 304 928.122 ms - -
2021-04-01 23:35:20:3520 info: GET /api/v1/users/get-users 304 955.155 ms - -
2021-04-01 23:35:23:3523 info: GET /api/v1/users/get-users 304 935.991 ms - -
2021-04-01 23:35:26:3526 info: GET /api/v1/users/get-users 304 940.330 ms - -
2021-04-01 23:35:41:3541 info: GET /api/v1/users/get-users 304 1044.170 ms - -
2021-04-01 23:35:45:3545 info: GET /api/v1/users/get-users 304 1929.912 ms - -
2021-04-01 23:35:49:3549 info: GET /api/v1/users/get-users 304 935.944 ms - -
2021-04-01 23:36:03:363 info: GET /api/v1/users/get-users 304 938.242 ms - -
2021-04-01 23:36:22:3622 info: GET /api/v1/users/get-users 304 1141.355 ms - -
2021-04-01 23:39:48:3948 info: POST /api/v1/users/register 200 2069.954 ms - 298987
2021-04-01 23:39:49:3949 info: GET /api/v1/users/get-users 304 1078.314 ms - -
2021-04-01 23:40:24:4024 info: GET /api/v1/users/get-users 304 988.419 ms - -
2021-04-01 23:41:35:4135 info: GET /api/v1/users/get-users 304 1006.143 ms - -
2021-04-01 23:41:50:4150 info: GET /api/v1/users/get-users - - ms - -
2021-04-01 23:41:51:4151 info: GET /api/v1/users/get-users - - ms - -
2021-04-01 23:41:51:4151 info: GET /api/v1/users/get-users - - ms - -
2021-04-01 23:41:51:4151 info: GET /api/v1/users/get-users - - ms - -
2021-04-01 23:41:52:4152 info: GET /api/v1/users/get-users - - ms - -
2021-04-01 23:41:52:4152 info: GET /api/v1/users/get-users - - ms - -
2021-04-01 23:41:52:4152 info: GET /api/v1/users/get-users - - ms - -
2021-04-01 23:41:52:4152 info: GET /api/v1/users/get-users - - ms - -
2021-04-01 23:41:52:4152 info: GET /api/v1/users/get-users - - ms - -
2021-04-01 23:41:53:4153 info: GET /api/v1/users/get-users - - ms - -
2021-04-01 23:41:53:4153 info: GET /api/v1/users/get-users - - ms - -
2021-04-01 23:41:53:4153 info: GET /api/v1/users/get-users - - ms - -
2021-04-01 23:41:53:4153 info: GET /api/v1/users/get-users - - ms - -
2021-04-01 23:41:53:4153 info: GET /api/v1/users/get-users - - ms - -
2021-04-01 23:41:53:4153 info: GET /api/v1/users/get-users - - ms - -
2021-04-01 23:41:54:4154 info: GET /api/v1/users/get-users - - ms - -
2021-04-01 23:41:54:4154 info: GET /api/v1/users/get-users - - ms - -
2021-04-01 23:41:54:4154 info: GET /api/v1/users/get-users - - ms - -
2021-04-01 23:41:54:4154 info: GET /api/v1/users/get-users - - ms - -
2021-04-01 23:41:54:4154 info: GET /api/v1/users/get-users - - ms - -
2021-04-01 23:41:55:4155 info: GET /api/v1/users/get-users - - ms - -
2021-04-01 23:41:55:4155 info: GET /api/v1/users/get-users - - ms - -
2021-04-01 23:41:55:4155 info: GET /api/v1/users/get-users - - ms - -
2021-04-01 23:41:55:4155 info: GET /api/v1/users/get-users - - ms - -
2021-04-01 23:41:55:4155 info: GET /api/v1/users/get-users - - ms - -
2021-04-01 23:41:55:4155 info: GET /api/v1/users/get-users - - ms - -
2021-04-01 23:41:56:4156 info: GET /api/v1/users/get-users - - ms - -
2021-04-01 23:41:56:4156 info: GET /api/v1/users/get-users - - ms - -
2021-04-01 23:41:56:4156 info: GET /api/v1/users/get-users - - ms - -
2021-04-01 23:41:56:4156 info: GET /api/v1/users/get-users - - ms - -
2021-04-01 23:41:56:4156 info: GET /api/v1/users/get-users - - ms - -
2021-04-01 23:41:57:4157 info: GET /api/v1/users/get-users - - ms - -
2021-04-01 23:41:57:4157 info: GET /api/v1/users/get-users - - ms - -
2021-04-01 23:41:57:4157 info: GET /api/v1/users/get-users - - ms - -
2021-04-01 23:41:57:4157 info: GET /api/v1/users/get-users - - ms - -
2021-04-01 23:41:57:4157 info: GET /api/v1/users/get-users - - ms - -
2021-04-01 23:41:58:4158 info: GET /api/v1/users/get-users - - ms - -
2021-04-01 23:41:58:4158 info: GET /api/v1/users/get-users - - ms - -
2021-04-01 23:41:58:4158 info: GET /api/v1/users/get-users - - ms - -
2021-04-01 23:41:58:4158 info: GET /api/v1/users/get-users - - ms - -
2021-04-01 23:41:58:4158 info: GET /api/v1/users/get-users - - ms - -
2021-04-01 23:41:58:4158 info: GET /api/v1/users/get-users - - ms - -
2021-04-01 23:41:59:4159 info: GET /api/v1/users/get-users - - ms - -
2021-04-01 23:41:59:4159 info: GET /api/v1/users/get-users - - ms - -
2021-04-01 23:41:59:4159 info: GET /api/v1/users/get-users - - ms - -
2021-04-01 23:41:59:4159 info: GET /api/v1/users/get-users - - ms - -
2021-04-01 23:41:59:4159 info: GET /api/v1/users/get-users - - ms - -
2021-04-01 23:42:00:420 info: GET /api/v1/users/get-users - - ms - -
2021-04-01 23:42:00:420 info: GET /api/v1/users/get-users - - ms - -
2021-04-01 23:42:00:420 info: GET /api/v1/users/get-users - - ms - -
2021-04-01 23:42:00:420 info: GET /api/v1/users/get-users - - ms - -
2021-04-01 23:42:01:421 info: GET /api/v1/users/get-users - - ms - -
2021-04-01 23:42:01:421 info: GET /api/v1/users/get-users - - ms - -
2021-04-01 23:42:01:421 info: GET /api/v1/users/get-users - - ms - -
2021-04-01 23:42:01:421 info: GET /api/v1/users/get-users - - ms - -
2021-04-01 23:42:02:422 info: GET /api/v1/users/get-users - - ms - -
2021-04-01 23:42:02:422 info: GET /api/v1/users/get-users - - ms - -
2021-04-01 23:42:02:422 info: GET /api/v1/users/get-users - - ms - -
2021-04-01 23:42:02:422 info: GET /api/v1/users/get-users - - ms - -
2021-04-01 23:42:03:423 info: GET /api/v1/users/get-users - - ms - -
2021-04-01 23:42:03:423 info: GET /api/v1/users/get-users - - ms - -
2021-04-01 23:42:03:423 info: GET /api/v1/users/get-users - - ms - -
2021-04-01 23:42:03:423 info: GET /api/v1/users/get-users - - ms - -
2021-04-01 23:42:04:424 info: GET /api/v1/users/get-users - - ms - -
2021-04-01 23:42:04:424 info: GET /api/v1/users/get-users - - ms - -
2021-04-01 23:42:04:424 info: GET /api/v1/users/get-users - - ms - -
2021-04-01 23:42:04:424 info: GET /api/v1/users/get-users - - ms - -
2021-04-01 23:42:05:425 info: GET /api/v1/users/get-users - - ms - -
2021-04-01 23:42:05:425 info: GET /api/v1/users/get-users - - ms - -
2021-04-01 23:42:05:425 info: GET /api/v1/users/get-users - - ms - -
2021-04-01 23:42:06:426 info: GET /api/v1/users/get-users - - ms - -
2021-04-01 23:42:06:426 info: GET /api/v1/users/get-users - - ms - -
2021-04-01 23:42:06:426 info: GET /api/v1/users/get-users - - ms - -
2021-04-01 23:42:06:426 info: GET /api/v1/users/get-users - - ms - -
2021-04-01 23:42:07:427 info: GET /api/v1/users/get-users - - ms - -
2021-04-01 23:42:07:427 info: GET /api/v1/users/get-users - - ms - -
2021-04-01 23:42:07:427 info: GET /api/v1/users/get-users - - ms - -
2021-04-01 23:42:08:428 info: GET /api/v1/users/get-users - - ms - -
2021-04-01 23:42:08:428 info: GET /api/v1/users/get-users - - ms - -
2021-04-01 23:42:08:428 info: GET /api/v1/users/get-users - - ms - -
2021-04-01 23:42:08:428 info: GET /api/v1/users/get-users - - ms - -
2021-04-01 23:42:09:429 info: GET /api/v1/users/get-users - - ms - -
2021-04-01 23:42:09:429 info: GET /api/v1/users/get-users - - ms - -
2021-04-01 23:42:09:429 info: GET /api/v1/users/get-users - - ms - -
2021-04-01 23:42:09:429 info: GET /api/v1/users/get-users - - ms - -
2021-04-01 23:42:09:429 info: GET /api/v1/users/get-users - - ms - -
2021-04-01 23:42:10:4210 info: GET /api/v1/users/get-users - - ms - -
2021-04-01 23:42:10:4210 info: GET /api/v1/users/get-users - - ms - -
2021-04-01 23:42:10:4210 info: GET /api/v1/users/get-users - - ms - -
2021-04-01 23:42:10:4210 info: GET /api/v1/users/get-users - - ms - -
2021-04-01 23:42:10:4210 info: GET /api/v1/users/get-users - - ms - -
2021-04-01 23:42:11:4211 info: GET /api/v1/users/get-users - - ms - -
2021-04-01 23:42:11:4211 info: GET /api/v1/users/get-users - - ms - -
2021-04-01 23:42:11:4211 info: GET /api/v1/users/get-users - - ms - -
2021-04-01 23:42:11:4211 info: GET /api/v1/users/get-users - - ms - -
2021-04-01 23:42:11:4211 info: GET /api/v1/users/get-users - - ms - -
2021-04-01 23:42:12:4212 info: GET /api/v1/users/get-users - - ms - -
2021-04-01 23:42:12:4212 info: GET /api/v1/users/get-users - - ms - -
2021-04-01 23:42:12:4212 info: GET /api/v1/users/get-users - - ms - -
2021-04-01 23:42:12:4212 info: GET /api/v1/users/get-users - - ms - -
2021-04-01 23:42:12:4212 info: GET /api/v1/users/get-users - - ms - -
2021-04-01 23:42:13:4213 info: GET /api/v1/users/get-users - - ms - -
2021-04-01 23:42:13:4213 info: GET /api/v1/users/get-users - - ms - -
2021-04-01 23:42:13:4213 info: GET /api/v1/users/get-users - - ms - -
2021-04-01 23:42:13:4213 info: GET /api/v1/users/get-users - - ms - -
2021-04-01 23:42:13:4213 info: GET /api/v1/users/get-users - - ms - -
2021-04-01 23:42:14:4214 info: GET /api/v1/users/get-users - - ms - -
2021-04-01 23:42:14:4214 info: GET /api/v1/users/get-users - - ms - -
2021-04-01 23:42:14:4214 info: GET /api/v1/users/get-users - - ms - -
2021-04-01 23:42:15:4215 info: GET /api/v1/users/get-users - - ms - -
2021-04-01 23:42:15:4215 info: GET /api/v1/users/get-users - - ms - -
2021-04-01 23:42:15:4215 info: GET /api/v1/users/get-users - - ms - -
2021-04-01 23:42:15:4215 info: GET /api/v1/users/get-users - - ms - -
2021-04-01 23:42:16:4216 info: GET /api/v1/users/get-users - - ms - -
2021-04-01 23:42:16:4216 info: GET /api/v1/users/get-users - - ms - -
2021-04-01 23:42:16:4216 info: GET /api/v1/users/get-users - - ms - -
2021-04-01 23:42:16:4216 info: GET /api/v1/users/get-users - - ms - -
2021-04-01 23:42:16:4216 info: GET /api/v1/users/get-users - - ms - -
2021-04-01 23:42:17:4217 info: GET /api/v1/users/get-users - - ms - -
2021-04-01 23:42:17:4217 info: GET /api/v1/users/get-users - - ms - -
2021-04-01 23:42:17:4217 info: GET /api/v1/users/get-users - - ms - -
2021-04-01 23:42:17:4217 info: GET /api/v1/users/get-users - - ms - -
2021-04-01 23:42:18:4218 info: GET /api/v1/users/get-users - - ms - -
2021-04-01 23:42:18:4218 info: GET /api/v1/users/get-users - - ms - -
2021-04-01 23:42:18:4218 info: GET /api/v1/users/get-users - - ms - -
2021-04-01 23:42:19:4219 info: GET /api/v1/users/get-users - - ms - -
2021-04-01 23:42:19:4219 info: GET /api/v1/users/get-users - - ms - -
2021-04-01 23:42:19:4219 info: GET /api/v1/users/get-users - - ms - -
2021-04-01 23:42:19:4219 info: GET /api/v1/users/get-users - - ms - -
2021-04-01 23:42:20:4220 info: GET /api/v1/users/get-users - - ms - -
2021-04-01 23:42:20:4220 info: GET /api/v1/users/get-users - - ms - -
2021-04-01 23:42:20:4220 info: GET /api/v1/users/get-users - - ms - -
2021-04-01 23:42:21:4221 info: GET /api/v1/users/get-users - - ms - -
2021-04-01 23:42:21:4221 info: GET /api/v1/users/get-users - - ms - -
2021-04-01 23:42:21:4221 info: GET /api/v1/users/get-users - - ms - -
2021-04-01 23:42:22:4222 info: GET /api/v1/users/get-users - - ms - -
2021-04-01 23:42:22:4222 info: GET /api/v1/users/get-users - - ms - -
2021-04-01 23:42:22:4222 info: GET /api/v1/users/get-users - - ms - -
2021-04-01 23:42:22:4222 info: GET /api/v1/users/get-users - - ms - -
2021-04-01 23:42:23:4223 info: GET /api/v1/users/get-users - - ms - -
2021-04-01 23:42:23:4223 info: GET /api/v1/users/get-users - - ms - -
2021-04-01 23:42:23:4223 info: GET /api/v1/users/get-users - - ms - -
2021-04-01 23:42:23:4223 info: GET /api/v1/users/get-users - - ms - -
2021-04-01 23:42:24:4224 info: GET /api/v1/users/get-users - - ms - -
2021-04-01 23:42:24:4224 info: GET /api/v1/users/get-users - - ms - -
2021-04-01 23:42:24:4224 info: GET /api/v1/users/get-users - - ms - -
2021-04-01 23:42:24:4224 info: GET /api/v1/users/get-users - - ms - -
2021-04-01 23:42:24:4224 info: GET /api/v1/users/get-users - - ms - -
2021-04-01 23:42:25:4225 info: GET /api/v1/users/get-users - - ms - -
2021-04-01 23:42:25:4225 info: GET /api/v1/users/get-users - - ms - -
2021-04-01 23:42:25:4225 info: GET /api/v1/users/get-users - - ms - -
2021-04-01 23:42:25:4225 info: GET /api/v1/users/get-users - - ms - -
2021-04-01 23:42:25:4225 info: GET /api/v1/users/get-users - - ms - -
2021-04-01 23:42:26:4226 info: GET /api/v1/users/get-users - - ms - -
2021-04-01 23:42:26:4226 info: GET /api/v1/users/get-users - - ms - -
2021-04-01 23:42:26:4226 info: GET /api/v1/users/get-users - - ms - -
2021-04-01 23:42:26:4226 info: GET /api/v1/users/get-users - - ms - -
2021-04-01 23:42:26:4226 info: GET /api/v1/users/get-users - - ms - -
2021-04-01 23:42:27:4227 info: GET /api/v1/users/get-users - - ms - -
2021-04-01 23:42:27:4227 info: GET /api/v1/users/get-users - - ms - -
2021-04-01 23:42:27:4227 info: GET /api/v1/users/get-users - - ms - -
2021-04-01 23:42:28:4228 info: GET /api/v1/users/get-users - - ms - -
2021-04-01 23:42:28:4228 info: GET /api/v1/users/get-users - - ms - -
2021-04-01 23:42:28:4228 info: GET /api/v1/users/get-users - - ms - -
2021-04-01 23:42:29:4229 info: GET /api/v1/users/get-users - - ms - -
2021-04-01 23:42:29:4229 info: GET /api/v1/users/get-users - - ms - -
2021-04-01 23:42:29:4229 info: GET /api/v1/users/get-users - - ms - -
2021-04-01 23:42:30:4230 info: GET /api/v1/users/get-users - - ms - -
2021-04-01 23:42:30:4230 info: GET /api/v1/users/get-users - - ms - -
2021-04-01 23:42:43:4243 info: GET /api/v1/users/get-users 200 930.749 ms - 385
2021-04-01 23:42:45:4245 info: GET /api/v1/users/get-users 304 990.421 ms - -
2021-04-01 23:42:50:4250 info: GET /api/v1/users/get-users 304 942.861 ms - -
2021-04-01 23:42:52:4252 info: GET /api/v1/users/get-users 304 1024.184 ms - -
2021-04-01 23:44:53:4453 info: GET /api/v1/users/get-users 304 929.341 ms - -
2021-04-01 23:45:53:4553 info: GET /api/v1/users/get-users 304 924.690 ms - -
2021-04-01 23:46:08:468 info: GET /api/v1/users/get-users 304 933.644 ms - -
2021-04-01 23:46:11:4611 info: GET /api/v1/users/get-users 304 954.568 ms - -
2021-04-01 23:46:39:4639 info: GET /api/v1/users/get-users 304 947.841 ms - -
2021-04-01 23:46:52:4652 info: GET /api/v1/users/get-users 304 966.320 ms - -
2021-04-01 23:51:05:515 info: POST /api/v1/users/register 200 1152.246 ms - 298957
2021-04-01 23:51:06:516 info: GET /api/v1/users/get-users 304 938.082 ms - -
2021-04-01 23:56:11:5611 info: GET /api/v1/users/get-users 304 999.669 ms - -
2021-04-04 19:20:25:2025 info: POST /api/v1/users/login 400 10018.052 ms - 486
2021-04-04 19:20:57:2057 info: POST /api/v1/users/login 400 10006.842 ms - 486
2021-04-04 19:21:57:2157 info: POST /api/v1/users/login 400 10017.808 ms - 486
2021-04-04 19:22:35:2235 info: POST /api/v1/users/register 200 10003.659 ms - 486
2021-04-04 19:29:14:2914 info: POST /api/v1/users/register 200 10017.580 ms - 486
2021-04-04 19:29:24:2924 info: GET /api/v1/users/get-users 500 10009.453 ms - 480
2021-04-04 19:29:39:2939 info: GET /api/v1/users/get-users 500 10002.251 ms - 480
2021-04-04 19:42:29:4229 info: GET /api/v1/users/get-users 500 30.464 ms - 2359
2021-04-04 19:42:36:4236 info: GET /api/v1/users/get-users 500 3.649 ms - 2359
2021-04-04 19:43:23:4323 info: GET /api/v1/users/get-users 500 10011.424 ms - 490
2021-04-04 19:43:52:4352 info: GET /api/v1/users/get-users 500 10007.230 ms - 490
2021-04-04 19:50:49:5049 info: GET /api/v1/users/get-users 500 10015.834 ms - 490
2021-04-04 23:04:16:416 info: GET /api/v1/users/get-users 200 3877.162 ms - 55
2021-04-04 23:05:25:525 info: GET /api/v1/users/get-users 200 1718.371 ms - 128461
2021-04-04 23:05:40:540 info: GET /api/v1/users/get-users 304 1663.226 ms - -
2021-04-04 23:06:54:654 info: GET /api/v1/users/get-users 200 3735.718 ms - 128121
2021-04-04 23:07:29:729 info: GET /api/v1/users/get-users 304 1814.123 ms - -
2021-04-04 23:07:58:758 info: GET /api/v1/users/get-users 304 3950.193 ms - -
2021-04-04 23:08:21:821 info: GET /api/v1/users/get-users 200 4141.804 ms - 128461
2021-04-04 23:08:47:847 info: GET /api/v1/users/get-users 304 1746.976 ms - -
2021-04-04 23:08:56:856 info: GET /api/v1/users/get-users 304 1879.066 ms - -
2021-04-04 23:17:58:1758 info: POST /api/v1/users/login 400 370.010 ms - 52
2021-04-04 23:18:05:185 info: POST /api/v1/users/register 200 685.806 ms - 1000
2021-04-04 23:18:07:187 info: GET /api/v1/users/get-users 304 1752.239 ms - -
2021-04-04 23:18:18:1818 info: GET /api/v1/users/get-users 304 1651.284 ms - -
2021-04-04 23:20:02:202 info: POST /api/v1/users/add-bill 404 1.362 ms - 161
2021-04-04 23:20:19:2019 info: POST /api/v1/users/add-bill 500 18.235 ms - 2219
2021-04-04 23:20:51:2051 info: POST /api/v1/users/add-bill 200 635.572 ms - 299
2021-04-04 23:21:05:215 info: POST /api/v1/users/add-bill 200 231.500 ms - 299
2021-04-04 23:23:43:2343 info: POST /api/v1/users/add-bill 200 235.959 ms - 299
2021-04-04 23:24:21:2421 info: POST /api/v1/users/add-bill 200 250.239 ms - 297
2021-04-04 23:28:59:2859 info: GET /api/v1/users/get-users 304 1663.268 ms - -
2021-04-04 23:29:06:296 info: GET /api/v1/users/get-users 304 1701.978 ms - -
2021-04-04 23:30:41:3041 info: POST /api/v1/users/register 200 662.617 ms - 976
2021-04-04 23:30:43:3043 info: GET /api/v1/users/get-users 200 1669.828 ms - 128812
2021-04-04 23:43:20:4320 info: GET /api/v1/users/get-users 304 1997.694 ms - -
2021-04-04 23:47:39:4739 info: GET /api/v1/users/get-users 304 2190.848 ms - -
2021-04-04 23:47:45:4745 info: GET /api/v1/users/get-users 304 2551.000 ms - -
2021-04-04 23:47:48:4748 info: GET /api/v1/users/get-users 304 2765.264 ms - -
2021-04-04 23:47:51:4751 info: GET /api/v1/users/get-users 304 3303.757 ms - -
2021-04-04 23:48:12:4812 info: GET /api/v1/users/get-users 304 2784.868 ms - -
2021-04-04 23:48:19:4819 info: GET /api/v1/users/get-users 304 2707.926 ms - -
2021-04-04 23:48:23:4823 info: GET /api/v1/users/get-users 304 2643.717 ms - -
2021-04-04 23:48:44:4844 info: GET /api/v1/users/get-users 304 3004.836 ms - -
2021-04-04 23:48:48:4848 info: GET /api/v1/users/get-users 304 2622.071 ms - -
2021-04-04 23:48:58:4858 info: GET /api/v1/users/get-users 304 3814.062 ms - -
2021-04-04 23:49:04:494 info: GET /api/v1/users/get-users 304 4624.274 ms - -
2021-04-04 23:49:09:499 info: GET /api/v1/users/get-users 304 5622.490 ms - -
2021-04-04 23:49:26:4926 info: GET /api/v1/users/get-users 304 4213.473 ms - -
2021-04-04 23:49:28:4928 info: GET /api/v1/users/get-users 304 2045.359 ms - -
2021-04-04 23:49:37:4937 info: GET /api/v1/users/get-user 500 252.773 ms - 1089
2021-04-04 23:50:46:5046 info: GET /api/v1/users/get-users 304 1732.223 ms - -
2021-04-04 23:50:48:5048 info: GET /api/v1/users/get-users 304 1747.133 ms - -
2021-04-04 23:50:53:5053 info: GET /api/v1/users/get-users 304 1657.839 ms - -
2021-04-04 23:51:32:5132 info: GET /api/v1/users/get-users 304 1766.674 ms - -
2021-04-04 23:51:38:5138 info: GET /api/v1/users/get-user?id=606a05d1900b70199797a498 200 505.884 ms - 1244
2021-04-04 23:53:16:5316 info: GET /api/v1/users/get-user?id=606a05d1900b70199797a498 200 2504.549 ms - 386
2021-04-04 23:55:39:5539 info: GET /api/v1/users/get-user?id=606a05d1900b70199797a498 200 612.712 ms - 1228
2021-04-04 23:56:42:5642 info: GET /api/v1/users/get-user?id=606a05d1900b70199797a498 200 2816.070 ms - 361
2021-04-04 23:56:55:5655 info: GET /api/v1/users/get-user?id=606a05d1900b70199797a498 304 463.152 ms - -
2021-04-04 23:57:49:5749 info: GET /api/v1/users/get-user?id=606a05d1900b70199797a498 304 2490.089 ms - -
2021-04-04 23:59:26:5926 info: GET /api/v1/users/get-user?id=606a05d1900b70199797a498 200 1761.856 ms - 370
2021-04-04 23:59:26:5926 info: GET /api/v1/users/get-user?id=606a05d1900b70199797a498 304 460.605 ms - -
2021-04-04 23:59:27:5927 info: GET /api/v1/users/get-user?id=606a05d1900b70199797a498 304 543.593 ms - -
2021-04-05 00:03:47:347 info: GET /api/v1/users/get-user?id=606a05d1900b70199797a498 200 484.019 ms - 23
2021-04-05 00:04:15:415 info: GET /api/v1/users/get-user?id=606a05d1900b70199797a498 304 2763.548 ms - -
2021-04-05 00:04:46:446 info: GET /api/v1/users/get-user?id=606a05d1900b70199797a498 304 487.019 ms - -
2021-04-05 00:05:17:517 info: GET /api/v1/users/get-user?id=606a05d1900b70199797a498 200 1211.356 ms - 371
2021-04-05 00:06:38:638 info: GET /api/v1/users/get-users 304 1739.299 ms - -
2021-04-05 00:06:49:649 info: GET /api/v1/users/get-users 304 1635.336 ms - -
2021-04-05 00:07:02:72 info: GET /api/v1/users/get-users 304 1907.787 ms - -
2021-04-05 00:07:15:715 info: GET /api/v1/users/get-users 304 1944.102 ms - -
2021-04-05 00:07:17:717 info: GET /api/v1/users/get-users 304 1710.720 ms - -
2021-04-05 00:07:46:746 info: GET /api/v1/users/get-users 304 1649.587 ms - -
2021-04-05 00:07:48:748 info: GET /api/v1/users/get-users 304 1639.264 ms - -
2021-04-05 00:07:51:751 info: GET /api/v1/users/get-users 304 1924.913 ms - -
2021-04-05 00:07:54:754 info: GET /api/v1/users/get-users 304 2000.199 ms - -
2021-04-05 00:08:00:80 info: GET /api/v1/users/get-users 304 2131.053 ms - -
2021-04-05 00:08:06:86 info: GET /api/v1/users/get-users 304 2698.571 ms - -
2021-04-05 00:08:08:88 info: GET /api/v1/users/get-users 304 2442.920 ms - -
2021-04-05 00:08:11:811 info: GET /api/v1/users/get-users 304 2245.997 ms - -
2021-04-05 00:08:21:821 info: GET /api/v1/users/get-users 304 2194.983 ms - -
2021-04-05 00:08:25:825 info: GET /api/v1/users/get-users 304 2025.896 ms - -
2021-04-05 00:08:31:831 info: GET /api/v1/users/get-users 304 1660.451 ms - -
2021-04-05 00:08:36:836 info: GET /api/v1/users/get-users 304 1706.763 ms - -
2021-04-05 00:08:39:839 info: GET /api/v1/users/get-users 304 1736.471 ms - -
2021-04-05 00:08:43:843 info: GET /api/v1/users/get-users 304 1670.454 ms - -
2021-04-05 00:08:53:853 info: GET /api/v1/users/get-users 304 1782.084 ms - -
2021-04-05 00:09:27:927 info: GET /api/v1/users/get-users 304 1825.465 ms - -
2021-04-05 00:09:34:934 info: GET /api/v1/users/get-users 304 1624.038 ms - -
2021-04-05 00:10:21:1021 info: GET /api/v1/users/get-users 304 1776.444 ms - -
2021-04-05 00:10:24:1024 info: GET /api/v1/users/get-user?id=606a05d1900b70199797a498 304 475.962 ms - -
2021-04-05 00:10:38:1038 info: GET /api/v1/users/get-user?id=606a05d1900b70199797a498 304 500.368 ms - -
2021-04-05 00:10:41:1041 info: GET /api/v1/users/get-user?id=606a05d1900b70199797a498 304 466.993 ms - -
2021-04-05 00:10:51:1051 info: GET /api/v1/users/get-user?id=606a05d1900b70199797a498 304 598.962 ms - -
2021-04-05 00:11:14:1114 info: GET /api/v1/users/get-users 304 1734.720 ms - -
2021-04-05 00:11:40:1140 info: GET /api/v1/users/get-users 304 2810.076 ms - -
2021-04-05 00:11:46:1146 info: GET /api/v1/users/get-users 304 3365.889 ms - -
2021-04-05 00:11:52:1152 info: GET /api/v1/users/get-users 304 2771.759 ms - -
2021-04-05 00:11:53:1153 info: GET /api/v1/users/get-user?id=606a05d1900b70199797a498 304 453.692 ms - -
2021-04-05 00:12:12:1212 info: GET /api/v1/users/get-users 304 2055.126 ms - -
2021-04-05 00:12:16:1216 info: GET /api/v1/users/get-users 304 2045.777 ms - -
2021-04-05 00:12:18:1218 info: GET /api/v1/users/get-users 304 1959.413 ms - -
2021-04-05 00:12:21:1221 info: GET /api/v1/users/get-user?id=6060fb5c4fdc9ba84574575d 200 645.921 ms - 601
2021-04-05 00:12:37:1237 info: GET /api/v1/users/get-user?id=606a05d1900b70199797a498 304 457.078 ms - -
2021-04-05 00:12:38:1238 info: GET /api/v1/users/get-user?id=60661108d4dd2d55189806e4 200 1432.298 ms - 128087
2021-04-05 00:12:40:1240 info: GET /api/v1/users/get-user?id=60661108d4dd2d55189806e4 304 1216.430 ms - -
2021-04-05 00:12:42:1242 info: GET /api/v1/users/get-user?id=60661108d4dd2d55189806e4 304 1737.462 ms - -
2021-04-05 00:12:44:1244 info: GET /api/v1/users/get-user?id=606a05d1900b70199797a498 304 573.487 ms - -
2021-04-05 00:12:47:1247 info: GET /api/v1/users/get-user?id=6060fb5c4fdc9ba84574575d 304 463.749 ms - -
2021-04-05 00:13:30:1330 info: GET /api/v1/users/get-users 304 2016.006 ms - -
2021-04-05 00:13:37:1337 info: GET /api/v1/users/get-users 304 1918.335 ms - -
2021-04-05 00:13:43:1343 info: GET /api/v1/users/get-users 304 2145.515 ms - -
2021-04-05 00:14:40:1440 info: GET /api/v1/users/get-users 304 2254.507 ms - -
2021-04-05 00:14:42:1442 info: GET /api/v1/users/get-user?id=6060fb5c4fdc9ba84574575d 304 476.502 ms - -
2021-04-05 00:15:09:159 info: GET /api/v1/users/get-user?id=60661108d4dd2d55189806e4 304 1599.942 ms - -
2021-04-05 00:15:10:1510 info: GET /api/v1/users/get-user?id=60661108d4dd2d55189806e4 304 1381.755 ms - -
2021-04-05 00:15:12:1512 info: GET /api/v1/users/get-user?id=606a05d1900b70199797a498 304 535.559 ms - -
2021-04-05 00:15:24:1524 info: GET /api/v1/users/get-user?id=6060fb5c4fdc9ba84574575d 304 481.381 ms - -
2021-04-05 00:15:31:1531 info: GET /api/v1/users/get-users 304 1794.520 ms - -
2021-04-05 00:15:56:1556 info: GET /api/v1/users/get-users 304 1698.718 ms - -
2021-04-05 17:24:34:2434 info: GET /api/v1/users/get-users 304 1741.096 ms - -
2021-04-05 17:24:37:2437 info: GET /api/v1/users/get-user?id=6060fb5c4fdc9ba84574575d 304 505.275 ms - -
2021-04-05 17:25:07:257 info: POST /api/v1/users/register 200 676.893 ms - 995
2021-04-05 17:25:10:2510 info: GET /api/v1/users/get-users 200 2812.194 ms - 129170
2021-04-05 17:25:22:2522 info: GET /api/v1/users/get-user?id=606b01a3d47ca73189267f3f 200 454.125 ms - 379
2021-04-05 17:25:25:2525 info: GET /api/v1/users/get-user?id=6060fb5c4fdc9ba84574575d 304 468.592 ms - -
2021-04-05 17:25:46:2546 info: GET /api/v1/users/get-users 304 2345.531 ms - -
2021-04-05 17:25:55:2555 info: POST /api/v1/users/add-bill 200 230.196 ms - 311
2021-04-05 17:26:05:265 info: GET /api/v1/users/get-users 304 2101.726 ms - -
2021-04-05 17:26:09:269 info: GET /api/v1/users/get-user?id=606b01a3d47ca73189267f3f 200 462.688 ms - 623
2021-04-05 17:26:33:2633 info: GET /api/v1/users/get-users 304 1645.941 ms - -
2021-04-05 17:26:43:2643 info: GET /api/v1/users/get-users 304 1688.761 ms - -
2021-04-05 17:26:44:2644 info: GET /api/v1/users/get-user?id=6060fb5c4fdc9ba84574575d 304 475.237 ms - -
2021-04-05 17:26:50:2650 info: GET /api/v1/users/get-users 304 1741.128 ms - -
2021-04-05 17:27:51:2751 info: GET /api/v1/users/get-users 304 1654.937 ms - -
2021-04-05 17:28:05:285 info: GET /api/v1/users/get-users 304 1743.805 ms - -
2021-04-05 17:29:46:2946 info: GET /api/v1/users/get-users 304 1723.855 ms - -
2021-04-05 17:29:50:2950 info: GET /api/v1/users/get-users 304 1817.827 ms - -
2021-04-05 17:29:53:2953 info: GET /api/v1/users/get-users 304 1718.317 ms - -
2021-04-05 17:30:13:3013 info: GET /api/v1/users/get-users 304 1780.439 ms - -
2021-04-06 22:10:10:1010 info: POST /api/v1/users/register 200 3748.231 ms - 420360
2021-04-06 22:10:20:1020 info: GET /api/v1/users/get-users 200 9671.112 ms - 311005
2021-04-06 22:10:33:1033 info: GET /api/v1/users/get-users 304 12823.417 ms - -
2021-04-06 22:10:55:1055 info: GET /api/v1/users/get-users 304 18991.613 ms - -
2021-04-06 22:11:03:113 info: GET /api/v1/users/get-user?id=606c95ef0c3e307698ff9a7d 200 3869.556 ms - 180107
2021-04-06 22:11:11:1111 info: GET /api/v1/users/get-user?id=606b0c8c7b00831cc4174116 200 1846.168 ms - 1095
2021-04-06 22:11:12:1112 info: GET /api/v1/users/get-user?id=606b0c8c7b00831cc4174116 304 615.636 ms - -
2021-04-07 22:11:21:1121 info: GET /api/v1/users/get-users 200 2934.269 ms - 311715
2021-04-07 22:11:26:1126 info: GET /api/v1/users/get-user?id=606db9019f36b50c7c14f252 200 487.617 ms - 374
2021-04-07 22:11:31:1131 info: GET /api/v1/users/get-user?id=606b08fb7b00831cc4174114 200 539.792 ms - 372
2021-04-07 22:11:36:1136 info: GET /api/v1/users/get-user?id=606b0c8c7b00831cc4174116 200 474.815 ms - 1095
2021-04-07 22:12:45:1245 info: POST /api/v1/users/checkout 200 29.795 ms - 20
2021-04-07 22:13:00:130 info: GET /api/v1/users/get-user?id=606b0c8c7b00831cc4174116 304 477.663 ms - -
2021-04-07 22:14:07:147 info: GET /api/v1/users/get-users 304 2736.300 ms - -
2021-04-07 22:14:08:148 info: GET /api/v1/users/get-users - - ms - -
2021-04-07 22:14:12:1412 info: GET /api/v1/users/get-users 200 2536.119 ms - 311715
2021-04-07 22:15:48:1548 info: GET /api/v1/users/get-user?id=606b0c8c7b00831cc4174116 304 1115.258 ms - -
2021-04-07 22:16:28:1628 info: POST /api/v1/users/checkout 200 2371.411 ms - 20
2021-04-07 22:22:50:2250 info: GET /api/v1/users/get-users 304 4641.957 ms - -
2021-04-07 22:22:58:2258 info: GET /api/v1/users/get-users 304 8142.896 ms - -
2021-04-07 22:23:08:238 info: GET /api/v1/users/get-users 304 9622.726 ms - -
2021-04-07 22:23:14:2314 info: GET /api/v1/users/get-users 304 5802.293 ms - -
2021-04-07 22:23:18:2318 info: GET /api/v1/users/get-users - - ms - -
2021-04-07 22:23:23:2323 info: GET /api/v1/users/get-users 200 3303.341 ms - 311715
2021-04-07 22:23:25:2325 info: GET /api/v1/users/get-user?id=606b0c8c7b00831cc4174116 304 512.227 ms - -
2021-04-07 22:24:46:2446 info: GET /api/v1/users/get-users 304 9169.981 ms - -
2021-04-07 22:25:23:2523 info: GET /api/v1/users/get-users 304 12033.094 ms - -
2021-04-07 22:25:38:2538 info: GET /api/v1/users/get-users 304 14550.156 ms - -
2021-04-07 22:25:53:2553 info: GET /api/v1/users/get-users 304 15169.492 ms - -
2021-04-07 22:26:04:264 info: GET /api/v1/users/get-users 304 10473.455 ms - -
2021-04-07 22:26:09:269 info: GET /api/v1/users/get-users 304 5555.078 ms - -
2021-04-07 22:26:13:2613 info: GET /api/v1/users/get-users 304 3922.120 ms - -
2021-04-07 22:26:16:2616 info: GET /api/v1/users/get-users 304 3177.659 ms - -
2021-04-07 22:26:28:2628 info: GET /api/v1/users/get-users 304 2814.321 ms - -
2021-04-07 22:26:43:2643 info: GET /api/v1/users/get-users 304 8808.337 ms - -
2021-04-07 22:26:52:2652 info: GET /api/v1/users/get-users 304 8976.118 ms - -
2021-04-07 22:26:55:2655 info: GET /api/v1/users/get-users 304 3211.448 ms - -
2021-04-07 22:27:11:2711 info: GET /api/v1/users/get-users 304 4183.445 ms - -
2021-04-07 22:27:14:2714 info: GET /api/v1/users/get-user?id=606b0c8c7b00831cc4174116 304 487.792 ms - -
2021-04-07 22:28:01:281 info: POST /api/v1/users/checkout 200 950.935 ms - 20
2021-04-07 22:30:37:3037 info: GET /api/v1/users/get-users 304 4336.099 ms - -
2021-04-07 22:30:49:3049 info: GET /api/v1/users/get-users 200 4025.486 ms - 311715
2021-04-07 22:30:51:3051 info: GET /api/v1/users/get-user?id=606b0c8c7b00831cc4174116 304 483.730 ms - -
2021-04-07 22:31:28:3128 info: POST /api/v1/users/checkout 200 4318.576 ms - 20
2021-04-07 22:31:49:3149 info: GET /api/v1/users/get-user?id=606b0c8c7b00831cc4174116 200 1899.776 ms - 1109
2021-04-07 22:31:49:3149 info: GET /api/v1/users/get-user?id=606b0c8c7b00831cc4174116 304 465.063 ms - -
2021-04-07 22:31:58:3158 info: GET /api/v1/users/get-users 200 4927.471 ms - 311715
2021-04-07 22:32:00:320 info: GET /api/v1/users/get-user?id=606b0c8c7b00831cc4174116 304 466.167 ms - -
2021-04-07 22:34:04:344 info: POST /api/v1/users/checkout 200 4705.843 ms - 20
2021-04-07 22:37:26:3726 info: GET /api/v1/users/get-users 304 3102.576 ms - -
2021-04-07 22:37:42:3742 info: POST /api/v1/users/add-bill 200 270.371 ms - 317
2021-04-07 22:38:39:3839 info: GET /api/v1/users/get-users 304 2511.728 ms - -
2021-04-07 22:38:55:3855 info: POST /api/v1/users/register 200 607.036 ms - 981
2021-04-07 22:38:58:3858 info: GET /api/v1/users/get-users 200 2686.821 ms - 312068
2021-04-07 22:39:07:397 info: GET /api/v1/users/get-users 304 2983.275 ms - -
2021-04-07 22:39:13:3913 info: GET /api/v1/users/get-user?id=606b01a3d47ca73189267f3f 200 473.290 ms - 629
2021-04-07 22:39:53:3953 info: POST /api/v1/users/checkout 200 3395.446 ms - 20
2021-04-07 22:40:23:4023 info: GET /api/v1/users/get-user?id=606b01a3d47ca73189267f3f 200 1069.399 ms - 643
2021-04-07 22:42:14:4214 info: POST /api/v1/users/checkout 200 2656.198 ms - 20
2021-04-07 22:43:58:4358 info: POST /api/v1/users/checkout 200 3085.556 ms - 20
2021-04-07 22:45:31:4531 info: POST /api/v1/users/checkout 200 3091.495 ms - 20
2021-04-07 22:45:41:4541 info: GET /api/v1/users/get-user?id=606b01a3d47ca73189267f3f 200 548.884 ms - 379
2021-04-07 22:45:50:4550 info: GET /api/v1/users/get-users 200 4609.397 ms - 312068
2021-04-07 22:45:51:4551 info: GET /api/v1/users/get-user?id=606b01a3d47ca73189267f3f 304 545.990 ms - -
2021-04-07 22:46:01:461 info: GET /api/v1/users/get-user?id=606b01a3d47ca73189267f3f 304 997.725 ms - -
2021-04-07 22:46:04:464 info: GET /api/v1/users/get-user?id=606b08fb7b00831cc4174114 304 469.628 ms - -
2021-04-07 22:46:12:4612 info: GET /api/v1/users/get-user?id=606b01a3d47ca73189267f3f 304 475.830 ms - -
2021-04-07 22:49:23:4923 info: POST /api/v1/users/add-bill 200 258.389 ms - 315
2021-04-07 22:49:36:4936 info: POST /api/v1/users/register 200 614.691 ms - 972
2021-04-07 22:49:39:4939 info: GET /api/v1/users/get-users 200 2528.347 ms - 312417
2021-04-07 22:49:41:4941 info: GET /api/v1/users/get-users 304 2394.087 ms - -
2021-04-07 22:49:46:4946 info: GET /api/v1/users/get-user?id=606dee2f24c0aa88c68b0376 200 486.576 ms - 621
2021-04-07 22:50:20:5020 info: POST /api/v1/users/checkout 200 4589.221 ms - 20
2021-04-07 22:50:37:5037 info: GET /api/v1/users/get-users 304 3158.373 ms - -
2021-04-07 22:50:39:5039 info: GET /api/v1/users/get-user?id=606dee2f24c0aa88c68b0376 200 469.777 ms - 621
2021-04-07 22:58:04:584 info: POST /api/v1/users/checkout 200 3030.066 ms - 20
2021-04-07 22:58:13:5813 info: GET /api/v1/users/get-user?id=606b01a3d47ca73189267f3f 304 545.157 ms - -
2021-04-07 22:58:17:5817 info: GET /api/v1/users/get-user?id=606b01a3d47ca73189267f3f 304 464.974 ms - -
2021-04-07 22:58:20:5820 info: GET /api/v1/users/get-user?id=606dee2f24c0aa88c68b0376 200 471.889 ms - 621
2021-04-07 22:58:28:5828 info: GET /api/v1/users/get-users 304 2486.223 ms - -
2021-04-07 22:58:32:5832 info: GET /api/v1/users/get-user?id=606dee2f24c0aa88c68b0376 304 468.238 ms - -
2021-04-07 22:59:10:5910 info: GET /api/v1/users/get-users 304 2607.985 ms - -
2021-04-07 22:59:55:5955 info: GET /api/v1/users/get-users 304 2476.764 ms - -
2021-04-07 22:59:58:5958 info: GET /api/v1/users/get-user?id=606dee2f24c0aa88c68b0376 304 502.261 ms - -
2021-04-07 23:00:07:07 info: GET /api/v1/users/get-user?id=606dee2f24c0aa88c68b0376 304 461.441 ms - -
2021-04-07 23:01:38:138 info: GET /api/v1/users/get-users 304 3778.950 ms - -
2021-04-07 23:01:41:141 info: GET /api/v1/users/get-user?id=606dee2f24c0aa88c68b0376 304 587.508 ms - -
2021-04-07 23:01:58:158 info: GET /api/v1/users/get-users 304 3808.336 ms - -
2021-04-07 23:03:47:347 info: GET /api/v1/users/get-users 200 2777.250 ms - 312665
2021-04-07 23:04:03:43 info: GET /api/v1/users/get-user?id=606dee2f24c0aa88c68b0376 304 495.617 ms - -
2021-04-07 23:04:03:43 info: GET /api/v1/users/get-user?id=606dee2f24c0aa88c68b0376 304 485.805 ms - -
2021-04-07 23:04:42:442 info: GET /api/v1/users/get-users 304 2670.497 ms - -
2021-04-07 23:04:47:447 info: GET /api/v1/users/get-users 304 2793.197 ms - -
2021-04-07 23:05:05:55 info: GET /api/v1/users/get-users 304 2696.845 ms - -
2021-04-07 23:05:10:510 info: GET /api/v1/users/get-users 304 2644.098 ms - -
2021-04-07 23:05:18:518 info: GET /api/v1/users/get-users - - ms - -
2021-04-07 23:05:24:524 info: GET /api/v1/users/get-users 200 5767.777 ms - 312665
2021-04-07 23:05:47:547 info: GET /api/v1/users/get-user?id=606dee2f24c0aa88c68b0376 304 482.872 ms - -
2021-04-07 23:09:59:959 info: GET /api/v1/users/get-user?id=606dee2f24c0aa88c68b0376 304 468.510 ms - -
2021-04-07 23:11:17:1117 info: GET /api/v1/users/get-users 304 6158.359 ms - -
2021-04-07 23:11:21:1121 info: GET /api/v1/users/get-users 304 3567.852 ms - -
2021-04-07 23:11:22:1122 info: GET /api/v1/users/get-users - - ms - -
2021-04-07 23:11:27:1127 info: GET /api/v1/users/get-users 200 5186.074 ms - 312665
2021-04-07 23:11:31:1131 info: GET /api/v1/users/get-user?id=606dee2f24c0aa88c68b0376 304 466.303 ms - -
2021-04-07 23:11:57:1157 info: POST /api/v1/users/checkout 200 2849.351 ms - 20
2021-04-07 23:12:00:120 info: GET /api/v1/users/get-users 200 2776.777 ms - 312665
2021-04-07 23:12:05:125 info: GET /api/v1/users/get-user?id=606dee2f24c0aa88c68b0376 200 481.341 ms - 621
2021-04-07 23:24:30:2430 info: GET /api/v1/users/get-govt 200 3108.999 ms - 14
2021-04-07 23:25:28:2528 info: GET /api/v1/users/get-govt 200 3519.659 ms - 573
2021-04-07 23:27:09:279 info: GET /api/v1/users/get-govt 200 3362.817 ms - 589
2021-04-07 23:32:02:322 info: GET /api/v1/users/get-govt 200 2040.486 ms - 1177
2021-04-07 23:36:30:3630 info: GET /api/v1/users/get-govt 200 2200.158 ms - 1177
2021-04-07 23:37:35:3735 info: GET /api/v1/users/get-govt 200 3167.275 ms - 614
2021-04-07 23:39:09:399 info: GET /api/v1/users/get-govt 200 3642.549 ms - 614
2021-04-08 21:50:57:5057 info: GET /api/v1/users/get-users 200 52567.940 ms - 313020
2021-04-08 21:51:47:5147 info: GET /api/v1/users/get-users 304 10440.489 ms - -
2021-04-08 21:52:10:5210 info: GET /api/v1/users/get-users 304 12716.827 ms - -
2021-04-08 21:52:18:5218 info: GET /api/v1/users/get-users 304 8245.538 ms - -
2021-04-08 21:52:22:5222 info: GET /api/v1/users/get-users 304 3823.517 ms - -
2021-04-08 21:52:42:5242 info: GET /api/v1/users/get-users 304 19250.694 ms - -
2021-04-08 21:52:44:5244 info: GET /api/v1/users/get-users - - ms - -
2021-04-08 21:53:00:530 info: GET /api/v1/users/get-users 200 9754.100 ms - 313020
2021-04-08 21:53:06:536 info: GET /api/v1/users/get-govt 200 499.512 ms - 614
2021-04-08 21:53:10:5310 info: GET /api/v1/users/get-govt 304 508.636 ms - -
2021-04-08 21:53:18:5318 info: GET /api/v1/users/get-users 304 7846.886 ms - -
2021-04-08 21:53:21:5321 info: GET /api/v1/users/get-govt 304 552.953 ms - -
2021-04-08 21:53:25:5325 info: GET /api/v1/users/get-govt 304 888.565 ms - -
2021-04-08 21:53:30:5330 info: GET /api/v1/users/get-users 304 7667.164 ms - -
2021-04-08 21:53:50:5350 info: GET /api/v1/users/get-users 304 9431.190 ms - -
2021-04-08 21:53:52:5352 info: GET /api/v1/users/get-user?id=606b0c8c7b00831cc4174116 200 557.963 ms - 369
2021-04-08 21:53:56:5356 info: GET /api/v1/users/get-user?id=606b01a3d47ca73189267f3f 304 468.656 ms - -
2021-04-08 21:54:00:540 info: GET /api/v1/users/get-user?id=606b01a3d47ca73189267f3f 304 482.370 ms - -
2021-04-08 21:54:02:542 info: GET /api/v1/users/get-user?id=6060fb5c4fdc9ba84574575d 200 506.885 ms - 361
2021-04-08 21:54:05:545 info: GET /api/v1/users/get-user?id=606db9019f36b50c7c14f252 304 647.967 ms - -
2021-04-08 21:54:08:548 info: GET /api/v1/users/get-user?id=606a05d1900b70199797a498 304 465.826 ms - -
2021-04-08 21:54:11:5411 info: GET /api/v1/users/get-user?id=606dee2f24c0aa88c68b0376 304 558.184 ms - -
2021-04-08 21:57:01:571 info: POST /api/v1/users/add-claim 200 7.713 ms - 47
2021-04-08 22:00:49:049 info: POST /api/v1/users/add-claim 200 11.260 ms - 47
2021-04-08 22:28:14:2814 info: GET /api/v1/users/get-govt 200 249.344 ms - 440
2021-04-08 22:28:18:2818 info: GET /api/v1/users/get-govt 304 490.691 ms - -
2021-04-08 22:28:20:2820 info: GET /api/v1/users/get-govt 304 409.870 ms - -
2021-04-08 22:28:34:2834 info: GET /api/v1/users/get-govt 304 5226.383 ms - -
2021-04-08 22:29:53:2953 info: GET /api/v1/users/get-govt 200 3401.294 ms - 440
2021-04-08 22:32:09:329 info: GET /api/v1/users/get-govt 200 252.235 ms - 440
2021-04-08 22:33:27:3327 info: GET /api/v1/users/get-govt 200 240.719 ms - 440
2021-04-08 22:33:37:3337 info: GET /api/v1/users/get-govt 304 263.955 ms - -
2021-04-08 22:33:40:3340 info: GET /api/v1/users/get-govt 304 309.438 ms - -
2021-04-08 22:33:45:3345 info: GET /api/v1/users/get-govt 304 3749.515 ms - -
2021-04-08 22:33:46:3346 info: GET /api/v1/users/get-govt 304 316.724 ms - -
2021-04-08 22:33:58:3358 info: GET /api/v1/users/get-govt 304 299.844 ms - -
2021-04-08 22:34:01:341 info: GET /api/v1/users/get-govt 200 264.889 ms - 440
2021-04-08 22:34:03:343 info: GET /api/v1/users/get-govt 304 375.333 ms - -
2021-04-08 22:34:08:348 info: GET /api/v1/users/get-govt 304 281.957 ms - -
2021-04-08 22:34:09:349 info: GET /api/v1/users/get-govt 304 242.304 ms - -
2021-04-08 22:34:17:3417 info: GET /api/v1/users/get-govt 304 251.111 ms - -
2021-04-08 22:35:38:3538 info: GET /api/v1/users/get-govt 200 1475.632 ms - 440
2021-04-08 22:43:31:4331 info: GET /api/v1/users/get-govt 404 11608.433 ms - 160
2021-04-08 22:44:12:4412 info: GET /api/v1/users/get-govt 200 5479.159 ms - 440
2021-04-08 22:45:04:454 info: GET /api/v1/users/get-govt 200 9026.857 ms - 844
2021-04-08 22:46:01:461 info: GET /api/v1/users/get-govt 304 1270.835 ms - -
2021-04-08 22:46:12:4612 info: GET /api/v1/users/get-govt 304 1365.983 ms - -
2021-04-08 22:46:13:4613 info: GET /api/v1/users/get-govt 304 1278.073 ms - -
2021-04-08 22:46:21:4621 info: GET /api/v1/users/get-govt 304 1258.682 ms - -
2021-04-08 22:46:38:4638 info: GET /api/v1/users/get-govt 304 4439.884 ms - -
2021-04-08 22:46:42:4642 info: GET /api/v1/users/get-govt 304 2620.395 ms - -
2021-04-08 22:46:51:4651 info: GET /api/v1/users/get-govt 304 3077.651 ms - -
2021-04-08 22:46:52:4652 info: GET /api/v1/users/get-govt 304 1285.257 ms - -
2021-04-08 22:47:02:472 info: GET /api/v1/users/get-govt 304 1257.132 ms - -
2021-04-08 22:47:03:473 info: GET /api/v1/users/get-govt 304 1218.603 ms - -
2021-04-08 22:47:09:479 info: GET /api/v1/users/get-govt 200 1189.990 ms - 844
2021-04-08 22:47:16:4716 info: GET /api/v1/users/get-govt 304 1230.154 ms - -
2021-04-08 22:47:19:4719 info: GET /api/v1/users/get-users 304 7027.013 ms - -
2021-04-08 22:47:37:4737 info: GET /api/v1/users/get-govt 304 1395.948 ms - -
2021-04-08 22:48:39:4839 info: GET /api/v1/users/get-govt 304 2729.293 ms - -
2021-04-08 22:48:41:4841 info: GET /api/v1/users/get-govt 304 2580.779 ms - -
2021-04-08 22:48:51:4851 info: GET /api/v1/users/get-govt 304 1666.327 ms - -
2021-04-08 22:48:52:4852 info: GET /api/v1/users/get-govt 304 1322.105 ms - -
2021-04-08 22:49:04:494 info: GET /api/v1/users/get-govt 304 2526.867 ms - -
2021-04-08 22:49:06:496 info: GET /api/v1/users/get-govt 304 1756.618 ms - -
2021-04-08 22:49:40:4940 info: GET /api/v1/users/get-govt 304 1394.083 ms - -
2021-04-08 22:49:45:4945 info: GET /api/v1/users/get-govt 304 1530.733 ms - -
2021-04-08 22:49:52:4952 info: GET /api/v1/users/get-govt 304 1336.178 ms - -
2021-04-08 22:49:54:4954 info: GET /api/v1/users/get-govt 304 1594.729 ms - -
2021-04-08 22:49:59:4959 info: GET /api/v1/users/get-govt 304 2130.805 ms - -
2021-04-08 22:50:01:501 info: GET /api/v1/users/get-govt 304 1710.388 ms - -
2021-04-08 22:50:03:503 info: GET /api/v1/users/get-govt 304 1402.632 ms - -
2021-04-08 22:50:08:508 info: GET /api/v1/users/get-govt 304 1268.720 ms - -
2021-04-08 22:50:13:5013 info: GET /api/v1/users/get-govt 304 2063.418 ms - -
2021-04-08 22:50:24:5024 info: GET /api/v1/users/get-govt 304 1489.787 ms - -
2021-04-08 22:50:27:5027 info: GET /api/v1/users/get-govt 304 1394.912 ms - -
2021-04-08 22:50:29:5029 info: GET /api/v1/users/get-govt 304 1805.415 ms - -
2021-04-08 22:50:36:5036 info: GET /api/v1/users/get-govt 304 1399.050 ms - -
2021-04-08 22:50:43:5043 info: GET /api/v1/users/get-govt 304 2129.727 ms - -
2021-04-08 22:51:01:511 info: GET /api/v1/users/get-govt 304 1335.189 ms - -
2021-04-08 22:51:04:514 info: GET /api/v1/users/get-govt 304 1363.208 ms - -
2021-04-08 22:51:15:5115 info: GET /api/v1/users/get-govt 304 1607.929 ms - -
2021-04-08 22:51:43:5143 info: GET /api/v1/users/get-govt 304 1790.158 ms - -
2021-04-08 22:51:45:5145 info: GET /api/v1/users/get-govt 304 1256.813 ms - -
2021-04-08 22:51:49:5149 info: GET /api/v1/users/get-govt 304 1270.283 ms - -
2021-04-08 22:51:56:5156 info: GET /api/v1/users/get-govt 304 1516.898 ms - -
2021-04-08 22:52:02:522 info: GET /api/v1/users/get-govt 200 2083.364 ms - 844
2021-04-08 22:52:31:5231 info: GET /api/v1/users/get-govt 304 1730.799 ms - -
2021-04-08 22:52:34:5234 info: GET /api/v1/users/get-govt 304 2474.161 ms - -
2021-04-08 22:52:36:5236 info: GET /api/v1/users/get-govt 304 2132.656 ms - -
2021-04-08 22:52:47:5247 info: GET /api/v1/users/get-govt 304 1197.808 ms - -
2021-04-08 22:52:53:5253 info: GET /api/v1/users/get-users 304 9302.465 ms - -
2021-04-08 22:54:28:5428 info: GET /api/v1/users/get-govt 304 1390.908 ms - -
2021-04-08 22:54:34:5434 info: GET /api/v1/users/get-govt 304 1364.376 ms - -
2021-04-08 22:54:43:5443 info: GET /api/v1/users/get-govt 304 3402.194 ms - -
2021-04-08 22:58:51:5851 info: GET /api/v1/users/get-govt 304 3417.392 ms - -
2021-04-08 22:59:10:5910 info: GET /api/v1/users/get-govt 304 1304.217 ms - -
2021-04-08 22:59:25:5925 info: GET /api/v1/users/get-users 304 9531.784 ms - -
2021-04-08 23:00:18:018 info: GET /api/v1/users/get-users 304 18023.439 ms - -
2021-04-08 23:27:43:2743 info: POST /api/v1/users/register 200 634.795 ms - 990
2021-04-08 23:27:47:2747 info: GET /api/v1/users/get-users 200 3615.927 ms - 313377
2021-04-08 23:32:23:3223 info: GET /api/v1/users/get-govt 304 1240.465 ms - -
2021-04-08 23:32:29:3229 info: GET /api/v1/users/get-users 304 3025.312 ms - -
2021-04-08 23:32:50:3250 info: GET /api/v1/users/get-user?id=606dee2f24c0aa88c68b0376 304 617.609 ms - -
2021-04-08 23:32:56:3256 info: GET /api/v1/users/get-user?id=606dee2f24c0aa88c68b0376 304 592.155 ms - -
2021-04-08 23:33:38:3338 info: POST /api/v1/users/add-bill 200 246.754 ms - 879
2021-04-08 23:33:46:3346 info: POST /api/v1/users/register 200 581.650 ms - 974
2021-04-08 23:33:50:3350 info: GET /api/v1/users/get-users 200 4539.603 ms - 314539
2021-04-08 23:33:56:3356 info: GET /api/v1/users/get-user?id=606f4b1fe2d499c0fdb82b65 200 475.722 ms - 1189
2021-04-08 23:34:17:3417 info: GET /api/v1/users/get-user?id=606f4b1fe2d499c0fdb82b65 304 2125.504 ms - -
2021-04-08 23:34:20:3420 info: GET /api/v1/users/get-user?id=606f4b1fe2d499c0fdb82b65 304 2785.591 ms - -
2021-04-08 23:34:32:3432 info: GET /api/v1/users/get-users 304 8487.129 ms - -
2021-04-08 23:34:38:3438 info: GET /api/v1/users/get-user?id=606f4b1fe2d499c0fdb82b65 304 537.030 ms - -
2021-04-08 23:36:29:3629 info: POST /api/v1/users/checkout 200 3202.344 ms - 20
2021-04-08 23:36:49:3649 info: GET /api/v1/users/get-users 200 19944.652 ms - 314539
2021-04-08 23:37:01:371 info: GET /api/v1/users/get-user?id=606f4b1fe2d499c0fdb82b65 200 489.312 ms - 1189
2021-04-08 23:37:14:3714 info: GET /api/v1/users/get-user?id=606f4b1fe2d499c0fdb82b65 304 485.955 ms - -
2021-04-08 23:38:48:3848 info: POST /api/v1/users/add-claim 200 10.628 ms - 47
2021-04-08 23:41:35:4135 info: GET /api/v1/users/get-users 304 14139.171 ms - -
2021-04-08 23:42:21:4221 info: GET /api/v1/users/get-govt 304 1215.119 ms - -
2021-04-08 23:42:27:4227 info: GET /api/v1/users/get-govt 304 1179.363 ms - -
2021-04-08 23:42:43:4243 info: GET /api/v1/users/get-govt 304 1207.342 ms - -
2021-04-08 23:43:28:4328 info: GET /api/v1/users/get-govt 304 1606.763 ms - -
2021-04-08 23:43:30:4330 info: GET /api/v1/users/get-users 304 7161.936 ms - -
2021-04-08 23:45:14:4514 info: GET /api/v1/users/get-govt 304 6742.792 ms - -
2021-04-08 23:51:10:5110 info: GET /api/v1/users/get-users 304 4624.626 ms - -
2021-04-08 23:51:37:5137 info: GET /api/v1/users/get-users 304 11108.407 ms - -
2021-04-10 00:23:42:2342 info: POST /api/v1/users/register 200 602.921 ms - 962
2021-04-10 00:23:44:2344 info: GET /api/v1/users/get-users 200 2491.037 ms - 314884
2021-04-10 00:26:43:2643 info: PUT /api/v1/users/update-profile 400 10.394 ms - 545
2021-04-10 00:30:22:3022 info: PUT /api/v1/users/update-profile 400 3.998 ms - 2733
2021-04-10 00:31:11:3111 info: PUT /api/v1/users/update-profile 200 252.644 ms - 435
2021-04-10 00:31:25:3125 info: PUT /api/v1/users/update-profile 200 238.407 ms - 437
2021-04-10 00:31:33:3133 info: PUT /api/v1/users/update-profile 200 235.111 ms - 438
2021-04-10 00:32:45:3245 info: PUT /api/v1/users/update-profile 200 293.311 ms - 434
2021-04-10 00:34:36:3436 info: PUT /api/v1/users/update-profile 200 287.901 ms - 445
2021-04-10 00:35:32:3532 info: POST /api/v1/users/register 200 593.519 ms - 972
2021-04-10 00:35:34:3534 info: GET /api/v1/users/get-users 200 2693.548 ms - 315278
2021-04-10 00:35:40:3540 info: PUT /api/v1/users/update-profile 200 238.871 ms - 442
2021-04-10 12:52:59:5259 info: GET /api/v1/users/get-govt 304 2146.413 ms - -
2021-04-10 12:53:00:530 info: GET /api/v1/users/get-users 200 4931.509 ms - 315316
2021-04-10 12:53:04:534 info: GET /api/v1/users/get-users 304 3447.254 ms - -
2021-04-10 12:53:18:5318 info: GET /api/v1/users/get-user?id=606da3c39f36b50c7c14f251 200 480.080 ms - 376
2021-04-10 12:53:21:5321 info: GET /api/v1/users/get-user?id=606b08477b00831cc4174113 200 469.932 ms - 372
2021-04-10 12:53:27:5327 info: GET /api/v1/users/get-users 304 2465.768 ms - -
2021-04-10 12:53:27:5327 info: GET /api/v1/users/get-govt 304 1398.145 ms - -
2021-04-24 23:54:06:546 info: GET /api/posts/?sortby=hot&limit=10&page=1 404 2.401 ms - 149
2021-04-24 23:54:13:5413 info: GET /api/posts/?sortby=hot&limit=10&page=1 404 0.509 ms - 149
2021-04-24 23:55:30:5530 info: GET /api/posts/?sortby=hot&limit=10&page=1 404 3.411 ms - 149
2021-04-24 23:57:33:5733 info: GET /api/posts/?sortby=hot&limit=10&page=1 404 2.644 ms - 149
2021-04-24 23:57:45:5745 info: GET /api/posts/?sortby=hot&limit=10&page=1 404 0.671 ms - 149
2021-04-24 23:58:03:583 info: GET /api/posts/?sortby=hot&limit=10&page=1 404 4.037 ms - 149
2021-04-25 00:00:07:07 info: GET /api/posts/?sortby=hot&limit=10&page=1 404 1.130 ms - 149
2021-04-25 00:25:43:2543 info: GET /api/posts/?sortby=hot&limit=10&page=1 200 1005.502 ms - 2113
2021-04-25 00:25:43:2543 info: GET /api/subreddits 404 1.136 ms - 153
2021-04-25 00:26:01:261 info: GET /api/posts/?sortby=hot&limit=10&page=1 200 674.836 ms - 2113
2021-04-25 00:26:01:261 info: GET /api/subreddits 404 0.269 ms - 153
2021-04-25 00:27:14:2714 info: GET /api/posts/?sortby=hot&limit=10&page=1 200 950.466 ms - 2113
2021-04-25 00:27:14:2714 info: GET /api/subreddits 200 215.509 ms - 177
2021-04-25 00:27:15:2715 info: GET /api/subreddits/top10 200 217.498 ms - 551
2021-04-25 00:27:32:2732 info: POST /api/login 404 0.798 ms - 149
2021-04-25 00:28:25:2825 info: POST /api/login 404 0.088 ms - 149
2021-04-25 00:28:28:2828 info: GET /api/posts/?sortby=hot&limit=10&page=1 200 732.512 ms - 2113
2021-04-25 00:28:28:2828 info: GET /api/subreddits 200 288.167 ms - 177
2021-04-25 00:28:28:2828 info: GET /api/subreddits/top10 200 220.544 ms - 551
2021-04-25 00:28:37:2837 info: POST /api/users/login 401 443.778 ms - 43
2021-04-25 00:29:54:2954 info: GET /api/posts/?sortby=hot&limit=10&page=1 200 655.964 ms - 2113
2021-04-25 00:29:54:2954 info: GET /api/subreddits 200 287.427 ms - 177
2021-04-25 00:29:55:2955 info: GET /api/subreddits/top10 200 219.895 ms - 551
2021-04-25 00:30:01:301 info: POST /api/users/login 200 297.674 ms - 284
2021-04-25 00:30:10:3010 info: GET /api/posts/6081c4a1c37edf7cdbb626fd/comments 200 729.454 ms - 1209
